[debug] [2019-12-25T07:16:13.175Z] ----------------------------------------------------------------------
[debug] [2019-12-25T07:16:13.178Z] Command:       C:\Program Files\nodejs\node.exe C:\Users\Toh\AppData\Roaming\npm\node_modules\firebase-tools\lib\bin\firebase.js serve
[debug] [2019-12-25T07:16:13.179Z] CLI Version:   7.2.2
[debug] [2019-12-25T07:16:13.179Z] Platform:      win32
[debug] [2019-12-25T07:16:13.179Z] Node Version:  v10.16.2
[debug] [2019-12-25T07:16:13.180Z] Time:          Wed Dec 25 2019 14:16:13 GMT+0700 (Indochina Time)
[debug] [2019-12-25T07:16:13.180Z] ----------------------------------------------------------------------
[debug] 
[debug] [2019-12-25T07:16:13.192Z] > command requires scopes: ["email","openid","https://www.googleapis.com/auth/cloudplatformprojects.readonly","https://www.googleapis.com/auth/firebase","https://www.googleapis.com/auth/cloud-platform"]
[debug] [2019-12-25T07:16:13.192Z] > authorizing via signed-in user
[debug] [2019-12-25T07:16:13.193Z] [iam] checking project nipn-v1 for permissions ["firebase.projects.get"]
[debug] [2019-12-25T07:16:13.195Z] >>> HTTP REQUEST POST https://cloudresourcemanager.googleapis.com/v1/projects/nipn-v1:testIamPermissions  

[debug] [2019-12-25T07:16:14.548Z] <<< HTTP RESPONSE 200
[debug] [2019-12-25T07:16:14.555Z] >>> HTTP REQUEST GET https://firebase.googleapis.com/v1beta1/projects/nipn-v1  
 
[debug] [2019-12-25T07:16:15.003Z] <<< HTTP RESPONSE 200
[info] 
[info] === Serving from 'C:\Users\Toh\Documents\New folder (2)\dashboard'...
[info] 
[debug] [2019-12-25T07:16:15.012Z] >>> HTTP REQUEST GET https://firebase.googleapis.com/v1beta1/projects/nipn-v1/webApps/-/config  
 
[debug] [2019-12-25T07:16:16.026Z] <<< HTTP RESPONSE 200
[info] i  hosting: Serving hosting files from: public
[info] +  hosting: Local server: http://localhost:5000
